<?xml version="1.0" encoding="UTF-8"?>
<testsuite name="HeapsortTest" tests="6" skipped="0" failures="0" errors="0" timestamp="2024-09-04T06:26:59" hostname="LAPTOP-ALBNQOLJ" time="0.064">
  <properties/>
  <testcase name="emptyArray()" classname="HeapsortTest" time="0.04"/>
  <testcase name="reverseArray()" classname="HeapsortTest" time="0.001"/>
  <testcase name="evenLenArray()" classname="HeapsortTest" time="0.002"/>
  <testcase name="oddLenArray()" classname="HeapsortTest" time="0.003"/>
  <testcase name="repeatArray()" classname="HeapsortTest" time="0.002"/>
  <testcase name="sortedArray()" classname="HeapsortTest" time="0.002"/>
  <system-out><![CDATA[]]></system-out>
  <system-err><![CDATA[]]></system-err>
</testsuite>
